<?xml version="1.0" encoding="UTF-8"?>
<testng-results skipped="0" failed="0" ignored="0" total="3" passed="3">
  <reporter-output>
  </reporter-output>
  <suite name="Default suite" duration-ms="61" started-at="2017-10-04T06:11:53Z" finished-at="2017-10-04T06:11:53Z">
    <groups>
    </groups>
    <test name="Default test" duration-ms="61" started-at="2017-10-04T06:11:53Z" finished-at="2017-10-04T06:11:53Z">
      <class name="Practice.DataproviderTest">
        <test-method status="PASS" signature="testCaseone(java.lang.String, java.lang.Integer)[pri:0, instance:Practice.DataproviderTest@c7c2a6]" name="testCaseone" duration-ms="9" started-at="2017-10-03T23:11:53Z" data-provider="data" finished-at="2017-10-03T23:11:53Z">
          <params>
            <param index="0">
              <value>
                <![CDATA[String 1]]>
              </value>
            </param>
            <param index="1">
              <value>
                <![CDATA[123]]>
              </value>
            </param>
          </params>
          <reporter-output>
          </reporter-output>
        </test-method> <!-- testCaseone -->
        <test-method status="PASS" signature="testCaseone(java.lang.String, java.lang.Integer)[pri:0, instance:Practice.DataproviderTest@c7c2a6]" name="testCaseone" duration-ms="8" started-at="2017-10-03T23:11:53Z" data-provider="data" finished-at="2017-10-03T23:11:53Z">
          <params>
            <param index="0">
              <value>
                <![CDATA[String 2]]>
              </value>
            </param>
            <param index="1">
              <value>
                <![CDATA[456]]>
              </value>
            </param>
          </params>
          <reporter-output>
          </reporter-output>
        </test-method> <!-- testCaseone -->
        <test-method status="PASS" signature="testCaseone(java.lang.String, java.lang.Integer)[pri:0, instance:Practice.DataproviderTest@c7c2a6]" name="testCaseone" duration-ms="3" started-at="2017-10-03T23:11:53Z" data-provider="data" finished-at="2017-10-03T23:11:53Z">
          <params>
            <param index="0">
              <value>
                <![CDATA[String 3]]>
              </value>
            </param>
            <param index="1">
              <value>
                <![CDATA[789]]>
              </value>
            </param>
          </params>
          <reporter-output>
          </reporter-output>
        </test-method> <!-- testCaseone -->
      </class> <!-- Practice.DataproviderTest -->
    </test> <!-- Default test -->
  </suite> <!-- Default suite -->
</testng-results>
